<?xml version="1.0" encoding="UTF-8"?>
<!-- Generated by org.testng.reporters.JUnitXMLReporter -->
<testsuite ignored="0" hostname="VTIPL-H-PC249-L" failures="0" tests="7" name="Test" time="0.1" errors="0" timestamp="2024-05-20T18:38:28 IST">
  <testcase classname="testNGDemo.TestNGDemo" name="test1Class1" time="0.01"/>
  <testcase classname="testNGDemo.TestNGDemo" name="test2Class1" time="0.009"/>
  <testcase classname="testNGDemo.TestNGDemo" name="test3Class1" time="0.003"/>
  <testcase classname="testNGDemo.TestngDemo1" name="testcaseOneClass1" time="0.001"/>
  <testcase classname="testNGDemo.TestngDemo1" name="testcaseTwoClass2" time="0.003"/>
  <testcase classname="testNGDemo.TestngDemo2" name="testcaseOneClass1" time="0.002"/>
  <testcase classname="testNGDemo.TestngDemo2" name="testcaseTwoClass2" time="0.003"/>
</testsuite> <!-- Test -->
