<?xml version="1.0" encoding="UTF-8"?>
<!-- Generated by org.testng.reporters.JUnitXMLReporter -->
<testsuite ignored="0" hostname="VTIPL-H-PC249-L" failures="0" tests="3" name="Default test" time="0.056" errors="0" timestamp="2024-06-25T18:48:08 IST">
  <testcase classname="com.mycompany.automation.TestNGClass1" name="test1" time="0.011"/>
  <testcase classname="com.mycompany.automation.TestNGClass1" name="test2" time="0.002"/>
  <testcase classname="com.mycompany.automation.TestNGClass1" name="test3" time="0.002"/>
</testsuite> <!-- Default test -->
