<?xml version="1.0" encoding="UTF-8"?>
<!-- Generated by org.testng.reporters.JUnitXMLReporter -->
<testsuite ignored="0" hostname="VTIPL-H-PC249-L" failures="0" tests="6" name="Default test" time="0.075" errors="0" timestamp="2024-06-07T12:27:25 IST">
  <testcase classname="core.java.examples.ReverseTest" name="testLargeNumber" time="0.023"/>
  <testcase classname="core.java.examples.ReverseTest" name="testNegativeNumber" time="0.001"/>
  <testcase classname="core.java.examples.ReverseTest" name="testOverflow" time="0.001"/>
  <testcase classname="core.java.examples.ReverseTest" name="testPositiveNumber" time="0.001"/>
  <testcase classname="core.java.examples.ReverseTest" name="testSingleDigit" time="0.002"/>
  <testcase classname="core.java.examples.ReverseTest" name="testZero" time="0.001"/>
</testsuite> <!-- Default test -->
