<?xml version="1.0" encoding="UTF-8"?>
<testng-results ignored="0" total="1" passed="1" failed="0" skipped="0">
  <reporter-output>
  </reporter-output>
  <suite started-at="2024-04-25T18:56:59 IST" name="Default suite" finished-at="2024-04-25T18:57:10 IST" duration-ms="11214">
    <groups>
    </groups>
    <test started-at="2024-04-25T18:56:59 IST" name="Default test" finished-at="2024-04-25T18:57:10 IST" duration-ms="11214">
      <class name="com.mycompany.automation.AppTest">
        <test-method signature="shouldAnswerWithTrue()[pri:0, instance:com.mycompany.automation.AppTest@2053d869]" started-at="2024-04-25T18:56:59 IST" name="shouldAnswerWithTrue" finished-at="2024-04-25T18:57:10 IST" duration-ms="11083" status="PASS">
          <reporter-output>
          </reporter-output>
        </test-method> <!-- shouldAnswerWithTrue -->
      </class> <!-- com.mycompany.automation.AppTest -->
    </test> <!-- Default test -->
  </suite> <!-- Default suite -->
</testng-results>
